+ python3 -m pip install -r requirements.txt -qq
+ set +x
===============
step0:STR:  Parsing ./ref/full.38.vcf.gz
step0:STR:  bgzip -f ./ref/full.38.INDELs.vcf
step0:STR:  tabix -f ./ref/full.38.INDELs.vcf.gz
step0:STR:  Wrote 1,138,023 INDELs to ./ref/full.38.INDELs.vcf.gz
step0:STR:     5,182,765 out of  5,182,765 ( 100.0%) total variant variants
step0:STR:     4,058,663 out of  5,182,765 (  78.3%) SNV/MNV variants
step0:STR:     1,138,023 out of  5,182,765 (  22.0%) INDEL variants
step0:STR:     5,327,703 out of  5,327,703 ( 100.0%) total alleles
step0:STR:     1,266,927 out of  5,327,703 (  23.8%) INDEL alleles
step0:STR:       644,138 out of  5,327,703 (  12.1%) INS alleles
step0:STR:       622,789 out of  5,327,703 (  11.7%) DEL alleles
===============
STEP #1: Filter SynDip truth set to SynDip high confidence regions
         INPUT: ./ref/full.38.vcf.gz        5182765 variants
+ tabix -f ./ref/full.38.bed.gz
+ bedtools intersect -header -f 1 -wa -u -a ./ref/full.38.vcf.gz -b ./ref/full.38.bed.gz
+ bgzip
+ tabix -f step1.high_confidence_regions.vcf.gz
+ set +x
         OUTPUT: step1.high_confidence_regions.vcf.gz         4081549 variants
